<?xml version="1.0" encoding="UTF-8"?>
<!-- Generated by org.testng.reporters.JUnitReportReporter -->
<testsuite hostname="shruti-Inspiron-13-5310" failures="0" tests="1" name="org.sample.mavensample7.AppTest" time="0.005" errors="0" timestamp="2024-05-20T23:18:18 IST" skipped="0">
  <testcase classname="org.sample.mavensample7.AppTest" name="testApp" time="0.005"/>
  <system-out/>
</testsuite> <!-- org.sample.mavensample7.AppTest -->
