<?xml version="1.0" encoding="UTF-8"?>
<!-- Generated by org.testng.reporters.JUnitReportReporter -->
<testsuite hostname="shruti-Inspiron-13-5310" failures="0" tests="1" name="org.sample.mavensample7.NewTest" time="0.004" errors="0" timestamp="2024-05-20T23:20:55 IST" skipped="0">
  <testcase classname="org.sample.mavensample7.NewTest" name="f" time="0.004"/>
  <system-out/>
</testsuite> <!-- org.sample.mavensample7.NewTest -->
